<?xml version="1.0" encoding="UTF-8"?>
<!-- Generated by org.testng.reporters.JUnitXMLReporter -->
<testsuite ignored="0" hostname="Akshay" failures="0" tests="6" name="Test" time="50.48" errors="0" timestamp="2024-11-14T00:43:57 CST">
  <testcase classname="SanityTest.BillPayPage" name="clickingRegisterWithAllDetails" time="9.939"/>
  <testcase classname="SanityTest.UpdateContactInfo" name="clickingUpdateProfileWithAllDetails" time="4.693"/>
  <testcase classname="SanityTest.RegisterPage" name="clickingRegisterWithAllDetails" time="15.112"/>
  <testcase classname="SanityTest.Home" name="homePageWelcomeMessage" time="21.091"/>
  <testcase classname="SanityTest.Logout" name="LogoutFeature" time="22.2"/>
  <testcase classname="SanityTest.Login" name="Login" time="22.481"/>
</testsuite> <!-- Test -->
