<?xml version="1.0" encoding="UTF-8"?>
<!-- Generated by org.testng.reporters.JUnitXMLReporter -->
<testsuite ignored="0" hostname="Akshay" failures="0" tests="6" name="Test" time="44.037" errors="0" timestamp="2024-11-14T10:13:26 CST">
  <testcase classname="SanityTest.BillPayPage" name="clickingRegisterWithAllDetails" time="9.119"/>
  <testcase classname="SanityTest.RegisterPage" name="clickingRegisterWithAllDetails" time="11.341"/>
  <testcase classname="SanityTest.UpdateContactInfo" name="clickingUpdateProfileWithAllDetails" time="3.323"/>
  <testcase classname="SanityTest.Logout" name="LogoutFeature" time="16.271"/>
  <testcase classname="SanityTest.Home" name="homePageWelcomeMessage" time="16.402"/>
  <testcase classname="SanityTest.Login" name="Login" time="19.568"/>
</testsuite> <!-- Test -->
