<?xml version="1.0" encoding="UTF-8"?>
<testsuite xmlns:xsi="http://www.w3.org/2001/XMLSchema-instance" xsi:noNamespaceSchemaLocation="https://maven.apache.org/surefire/maven-surefire-plugin/xsd/surefire-test-report.xsd" version="3.0.2" name="TestSuite" time="210.012" tests="67" errors="0" skipped="0" failures="0">
  <properties>
[...]
</properties>
  <testcase name="clickingRegisterWithAllDetails" classname="SanityTest.BillPayPage" time="9.297"/>
  <testcase name="clickingRegisterWithAllDetails" classname="SanityTest.RegisterPage" time="1.985"/>
  <testcase name="clickingUpdateProfileWithAllDetails" classname="SanityTest.UpdateContactInfo" time="3.204"/>
  <testcase name="LogoutFeature" classname="SanityTest.Logout" time="6.915"/>
  <testcase name="homePageWelcomeMessage" classname="SanityTest.Home" time="7.047"/>
  <testcase name="Login" classname="SanityTest.Login" time="10.224"/>
  <testcase name="checkingTitleOfPage" classname="RegressionTest.Register" time="2.761"/>
  <testcase name="checkingSubTitleOfPage" classname="RegressionTest.Register" time="3.863"/>
  <testcase name="clickingRegisterWithoutAnyDetails" classname="RegressionTest.Register" time="4.306"/>
  <testcase name="clickingRegisterWithoutFirstName" classname="RegressionTest.Register" time="4.752"/>
  <testcase name="clickingRegisterWithoutLastName" classname="RegressionTest.Register" time="4.194"/>
  <testcase name="clickingRegisterWithoutAddress" classname="RegressionTest.Register" time="4.433"/>
  <testcase name="clickingRegisterWithoutCity" classname="RegressionTest.Register" time="3.903"/>
  <testcase name="clickingRegisterWithoutState" classname="RegressionTest.Register" time="4.199"/>
  <testcase name="clickingRegisterWithoutZipCode" classname="RegressionTest.Register" time="3.734"/>
  <testcase name="clickingRegisterWithoutSSN" classname="RegressionTest.Register" time="4.184"/>
  <testcase name="clickingRegisterWithoutUsername" classname="RegressionTest.Register" time="4.336"/>
  <testcase name="clickingRegisterWithoutPassword" classname="RegressionTest.Register" time="3.991"/>
  <testcase name="clickingRegisterWithoutRepeatPassword" classname="RegressionTest.Register" time="4.372"/>
  <testcase name="clickingRegisterWithAllDetail" classname="RegressionTest.Register" time="4.135"/>
  <testcase name="checkingTitleOfPage" classname="RegressionTest.ForgetPassword" time="3.118"/>
  <testcase name="checkingSubTitleOfPage" classname="RegressionTest.ForgetPassword" time="2.207"/>
  <testcase name="clickingFindMyLoginInfoWithoutAnyDetails" classname="RegressionTest.ForgetPassword" time="3.756"/>
  <testcase name="clickingFindMyLoginInfoWithoutFirstName" classname="RegressionTest.ForgetPassword" time="4.179"/>
  <testcase name="clickingFindMyLoginInfoWithoutLastName" classname="RegressionTest.ForgetPassword" time="3.834"/>
  <testcase name="clickingFindMyLoginInfoWithoutAddress" classname="RegressionTest.ForgetPassword" time="4.621"/>
  <testcase name="clickingFindMyLoginInfoWithoutCity" classname="RegressionTest.ForgetPassword" time="3.914"/>
  <testcase name="clickingFindMyLoginInfoWithoutState" classname="RegressionTest.ForgetPassword" time="3.967"/>
  <testcase name="clickingFindMyLoginInfoWithoutZipCode" classname="RegressionTest.ForgetPassword" time="3.701"/>
  <testcase name="clickingFindMyLoginInfoWithoutSSN" classname="RegressionTest.ForgetPassword" time="4.189"/>
  <testcase name="clickingFindMyLoginInfoWithAllDetails" classname="RegressionTest.ForgetPassword" time="4.588"/>
  <testcase name="withoutUsernameAndPassword" classname="RegressionTest.LoginPage" time="2.456"/>
  <testcase name="withUsernameAndWithoutPassword" classname="RegressionTest.LoginPage" time="3.845"/>
  <testcase name="withPasswordAndWithoutUsername" classname="RegressionTest.LoginPage" time="3.839"/>
  <testcase name="correctusernameAndIncorrectPassword" classname="RegressionTest.LoginPage" time="4.595"/>
  <testcase name="incorrectusernameAndcorrectPassword" classname="RegressionTest.LoginPage" time="3.128"/>
  <testcase name="correctPasswordAndUsername" classname="RegressionTest.LoginPage" time="7.547"/>
  <testcase name="Logout" classname="RegressionTest.LoginPage" time="8.09"/>
  <testcase name="homePageWelcomeMessage" classname="RegressionTest.HomePage" time="0.0"/>
  <testcase name="homePageMenuTitle" classname="RegressionTest.HomePage" time="0.016"/>
  <testcase name="homePageMenuItems" classname="RegressionTest.HomePage" time="0.142"/>
  <testcase name="homePageMainTitle" classname="RegressionTest.HomePage" time="0.014"/>
  <testcase name="homePageAccountTableDetails" classname="RegressionTest.HomePage" time="0.281"/>
  <testcase name="OneNewAccountCheckTitle" classname="RegressionTest.OpenNewAccount" time="0.067"/>
  <testcase name="OpenNewAccountWithoutSelectingNothing" classname="RegressionTest.OpenNewAccount" time="0.48"/>
  <testcase name="clickingUpdateProfileRemovingFirstName" classname="RegressionTest.UpdateContactInfo" time="0.162"/>
  <testcase name="clickingUpdateProfileRemovingLastName" classname="RegressionTest.UpdateContactInfo" time="0.177"/>
  <testcase name="clickingUpdateProfileRemovingAddress" classname="RegressionTest.UpdateContactInfo" time="0.233"/>
  <testcase name="clickingUpdateProfileRemovingCity" classname="RegressionTest.UpdateContactInfo" time="0.35"/>
  <testcase name="clickingUpdateProfileRemovingState" classname="RegressionTest.UpdateContactInfo" time="0.42"/>
  <testcase name="clickingUpdateProfileRemovingZipcode" classname="RegressionTest.UpdateContactInfo" time="0.536"/>
  <testcase name="clickingUpdateProfileWithoutAnyDetails" classname="RegressionTest.UpdateContactInfo" time="0.488"/>
  <testcase name="clickingUpdateProfileWithAllDetails" classname="RegressionTest.UpdateContactInfo" time="0.947"/>
  <testcase name="CheckingTheTitle" classname="RegressionTest.BillPay" time="0.063"/>
  <testcase name="ClickSendPaymentWithoutAnyDetails" classname="RegressionTest.BillPay" time="0.301"/>
  <testcase name="clickingRegisterWithoutPayeeName" classname="RegressionTest.BillPay" time="0.917"/>
  <testcase name="clickingRegisterWithoutPayeeAddress" classname="RegressionTest.BillPay" time="0.706"/>
  <testcase name="clickingRegisterWithoutCity" classname="RegressionTest.BillPay" time="0.787"/>
  <testcase name="clickingRegisterWithoutState" classname="RegressionTest.BillPay" time="0.567"/>
  <testcase name="clickingRegisterWithoutZipCode" classname="RegressionTest.BillPay" time="0.628"/>
  <testcase name="clickingRegisterWithoutphoneNumber" classname="RegressionTest.BillPay" time="0.623"/>
  <testcase name="clickingRegisterWithoutAccountNumber" classname="RegressionTest.BillPay" time="0.602"/>
  <testcase name="clickingRegisterWithoutVerifyAccount" classname="RegressionTest.BillPay" time="0.787"/>
  <testcase name="clickingRegisterWithoutVerifyAmount" classname="RegressionTest.BillPay" time="0.713"/>
  <testcase name="clickingRegisterWithDifferentAccountNumber" classname="RegressionTest.BillPay" time="0.772"/>
  <testcase name="clickingRegisterWithAllDetails" classname="RegressionTest.BillPay" time="1.964"/>
  <testcase name="logoutFeature" classname="RegressionTest.Logout" time="7.922"/>
</testsuite>