<?xml version="1.0" encoding="UTF-8"?>
<!-- Generated by org.testng.reporters.JUnitXMLReporter -->
<testsuite ignored="0" hostname="Akshay" failures="0" tests="61" name="Test" time="208.862" errors="0" timestamp="2024-11-14T10:16:10 CST">
  <testcase classname="RegressionTest.Register" name="checkingTitleOfPage" time="2.761"/>
  <testcase classname="RegressionTest.Register" name="checkingSubTitleOfPage" time="3.863"/>
  <testcase classname="RegressionTest.Register" name="clickingRegisterWithoutAnyDetails" time="4.306"/>
  <testcase classname="RegressionTest.Register" name="clickingRegisterWithoutFirstName" time="4.752"/>
  <testcase classname="RegressionTest.Register" name="clickingRegisterWithoutLastName" time="4.209"/>
  <testcase classname="RegressionTest.Register" name="clickingRegisterWithoutAddress" time="4.449"/>
  <testcase classname="RegressionTest.Register" name="clickingRegisterWithoutCity" time="3.903"/>
  <testcase classname="RegressionTest.Register" name="clickingRegisterWithoutState" time="4.199"/>
  <testcase classname="RegressionTest.Register" name="clickingRegisterWithoutZipCode" time="3.734"/>
  <testcase classname="RegressionTest.Register" name="clickingRegisterWithoutSSN" time="4.184"/>
  <testcase classname="RegressionTest.Register" name="clickingRegisterWithoutUsername" time="4.336"/>
  <testcase classname="RegressionTest.Register" name="clickingRegisterWithoutPassword" time="3.991"/>
  <testcase classname="RegressionTest.Register" name="clickingRegisterWithoutRepeatPassword" time="4.356"/>
  <testcase classname="RegressionTest.Register" name="clickingRegisterWithAllDetail" time="4.135"/>
  <testcase classname="RegressionTest.ForgetPassword" name="checkingTitleOfPage" time="3.141"/>
  <testcase classname="RegressionTest.ForgetPassword" name="checkingSubTitleOfPage" time="2.232"/>
  <testcase classname="RegressionTest.ForgetPassword" name="clickingFindMyLoginInfoWithoutAnyDetails" time="3.753"/>
  <testcase classname="RegressionTest.ForgetPassword" name="clickingFindMyLoginInfoWithoutFirstName" time="4.179"/>
  <testcase classname="RegressionTest.ForgetPassword" name="clickingFindMyLoginInfoWithoutLastName" time="3.834"/>
  <testcase classname="RegressionTest.ForgetPassword" name="clickingFindMyLoginInfoWithoutAddress" time="4.621"/>
  <testcase classname="RegressionTest.ForgetPassword" name="clickingFindMyLoginInfoWithoutCity" time="3.914"/>
  <testcase classname="RegressionTest.ForgetPassword" name="clickingFindMyLoginInfoWithoutState" time="3.967"/>
  <testcase classname="RegressionTest.ForgetPassword" name="clickingFindMyLoginInfoWithoutZipCode" time="3.701"/>
  <testcase classname="RegressionTest.ForgetPassword" name="clickingFindMyLoginInfoWithoutSSN" time="4.189"/>
  <testcase classname="RegressionTest.ForgetPassword" name="clickingFindMyLoginInfoWithAllDetails" time="4.587"/>
  <testcase classname="RegressionTest.LoginPage" name="withoutUsernameAndPassword" time="2.456"/>
  <testcase classname="RegressionTest.LoginPage" name="withUsernameAndWithoutPassword" time="3.861"/>
  <testcase classname="RegressionTest.LoginPage" name="withPasswordAndWithoutUsername" time="3.839"/>
  <testcase classname="RegressionTest.LoginPage" name="correctusernameAndIncorrectPassword" time="4.595"/>
  <testcase classname="RegressionTest.LoginPage" name="incorrectusernameAndcorrectPassword" time="3.128"/>
  <testcase classname="RegressionTest.LoginPage" name="correctPasswordAndUsername" time="7.547"/>
  <testcase classname="RegressionTest.LoginPage" name="Logout" time="8.09"/>
  <testcase classname="RegressionTest.HomePage" name="homePageWelcomeMessage" time="0.016"/>
  <testcase classname="RegressionTest.HomePage" name="homePageMenuTitle" time="0.016"/>
  <testcase classname="RegressionTest.HomePage" name="homePageMenuItems" time="0.142"/>
  <testcase classname="RegressionTest.HomePage" name="homePageMainTitle" time="0.014"/>
  <testcase classname="RegressionTest.HomePage" name="homePageAccountTableDetails" time="0.281"/>
  <testcase classname="RegressionTest.OpenNewAccount" name="OneNewAccountCheckTitle" time="0.067"/>
  <testcase classname="RegressionTest.OpenNewAccount" name="OpenNewAccountWithoutSelectingNothing" time="0.48"/>
  <testcase classname="RegressionTest.UpdateContactInfo" name="clickingUpdateProfileRemovingFirstName" time="0.162"/>
  <testcase classname="RegressionTest.UpdateContactInfo" name="clickingUpdateProfileRemovingLastName" time="0.177"/>
  <testcase classname="RegressionTest.UpdateContactInfo" name="clickingUpdateProfileRemovingAddress" time="0.233"/>
  <testcase classname="RegressionTest.UpdateContactInfo" name="clickingUpdateProfileRemovingCity" time="0.349"/>
  <testcase classname="RegressionTest.UpdateContactInfo" name="clickingUpdateProfileRemovingState" time="0.42"/>
  <testcase classname="RegressionTest.UpdateContactInfo" name="clickingUpdateProfileRemovingZipcode" time="0.536"/>
  <testcase classname="RegressionTest.UpdateContactInfo" name="clickingUpdateProfileWithoutAnyDetails" time="0.504"/>
  <testcase classname="RegressionTest.UpdateContactInfo" name="clickingUpdateProfileWithAllDetails" time="0.957"/>
  <testcase classname="RegressionTest.BillPay" name="CheckingTheTitle" time="0.062"/>
  <testcase classname="RegressionTest.BillPay" name="ClickSendPaymentWithoutAnyDetails" time="0.301"/>
  <testcase classname="RegressionTest.BillPay" name="clickingRegisterWithoutPayeeName" time="0.932"/>
  <testcase classname="RegressionTest.BillPay" name="clickingRegisterWithoutPayeeAddress" time="0.706"/>
  <testcase classname="RegressionTest.BillPay" name="clickingRegisterWithoutCity" time="0.787"/>
  <testcase classname="RegressionTest.BillPay" name="clickingRegisterWithoutState" time="0.567"/>
  <testcase classname="RegressionTest.BillPay" name="clickingRegisterWithoutZipCode" time="0.628"/>
  <testcase classname="RegressionTest.BillPay" name="clickingRegisterWithoutphoneNumber" time="0.623"/>
  <testcase classname="RegressionTest.BillPay" name="clickingRegisterWithoutAccountNumber" time="0.601"/>
  <testcase classname="RegressionTest.BillPay" name="clickingRegisterWithoutVerifyAccount" time="0.782"/>
  <testcase classname="RegressionTest.BillPay" name="clickingRegisterWithoutVerifyAmount" time="0.714"/>
  <testcase classname="RegressionTest.BillPay" name="clickingRegisterWithDifferentAccountNumber" time="0.772"/>
  <testcase classname="RegressionTest.BillPay" name="clickingRegisterWithAllDetails" time="1.964"/>
  <testcase classname="RegressionTest.Logout" name="logoutFeature" time="7.922"/>
</testsuite> <!-- Test -->
